<?xml version="1.0" encoding="UTF-8"?>
<!-- Generated by org.testng.reporters.JUnitReportReporter -->
<testsuite skipped="0" hostname="SES71231275IP10003777" name="com.jpetsore.tests.RegistrationOfJPetStoreTests" tests="2" failures="0" timestamp="2025-01-20T17:59:42 IST" time="2.034" errors="0">
  <testcase name="fillRegisterData2" time="1.161" classname="com.jpetsore.tests.RegistrationOfJPetStoreTests"/>
  <system-out/>
  <testcase name="fillRegisterData" time="0.873" classname="com.jpetsore.tests.RegistrationOfJPetStoreTests"/>
  <system-out/>
</testsuite> <!-- com.jpetsore.tests.RegistrationOfJPetStoreTests -->
