<?xml version="1.0" encoding="UTF-8"?>
<!-- Generated by org.testng.reporters.JUnitReportReporter -->
<testsuite skipped="0" hostname="SES71231275IP10003777" name="com.jpetsore.tests.RegistrationOfJPetStore" tests="2" failures="0" timestamp="2025-01-20T17:50:43 IST" time="2.175" errors="0">
  <testcase name="fillRegisterData2" time="1.194" classname="com.jpetsore.tests.RegistrationOfJPetStore"/>
  <system-out/>
  <testcase name="fillRegisterData" time="0.981" classname="com.jpetsore.tests.RegistrationOfJPetStore"/>
  <system-out/>
</testsuite> <!-- com.jpetsore.tests.RegistrationOfJPetStore -->
